2025-08-24 12:11:50 INFO  com.wbozon.WbApi - Starting WbApi using Java 21.0.2 with PID 17772 (D:\rpo\java\myapi\target\classes started by user in D:\rpo\java\myapi)
2025-08-24 12:11:50 INFO  com.wbozon.WbApi - No active profile set, falling back to 1 default profile: "default"
2025-08-24 12:11:53 INFO  o.s.d.r.c.RepositoryConfigurationDelegate - Multiple Spring Data modules found, entering strict repository configuration mode
2025-08-24 12:11:53 INFO  o.s.d.r.c.RepositoryConfigurationDelegate - Bootstrapping Spring Data JPA repositories in DEFAULT mode.
2025-08-24 12:11:53 INFO  o.s.d.r.c.RepositoryConfigurationDelegate - Finished Spring Data repository scanning in 25 ms. Found 0 JPA repository interfaces.
2025-08-24 12:11:53 INFO  o.s.i.c.DefaultConfiguringBeanFactoryPostProcessor - No bean named 'errorChannel' has been explicitly defined. Therefore, a default PublishSubscribeChannel will be created.
2025-08-24 12:11:53 INFO  o.s.i.c.DefaultConfiguringBeanFactoryPostProcessor - No bean named 'integrationHeaderChannelRegistry' has been explicitly defined. Therefore, a default DefaultHeaderChannelRegistry will be created.
2025-08-24 12:11:55 INFO  o.s.b.w.e.tomcat.TomcatWebServer - Tomcat initialized with port 8080 (http)
2025-08-24 12:11:55 INFO  o.a.coyote.http11.Http11NioProtocol - Initializing ProtocolHandler ["http-nio-8080"]
2025-08-24 12:11:55 INFO  o.a.catalina.core.StandardService - Starting service [Tomcat]
2025-08-24 12:11:55 INFO  o.a.catalina.core.StandardEngine - Starting Servlet engine: [Apache Tomcat/10.1.40]
2025-08-24 12:11:55 INFO  o.a.c.c.C.[Tomcat].[localhost].[/] - Initializing Spring embedded WebApplicationContext
2025-08-24 12:11:55 INFO  o.s.b.w.s.c.ServletWebServerApplicationContext - Root WebApplicationContext: initialization completed in 5562 ms
2025-08-24 12:11:57 INFO  o.s.o.j.p.SpringPersistenceUnitInfo - No LoadTimeWeaver setup: ignoring JPA class transformer
2025-08-24 12:11:57 INFO  com.zaxxer.hikari.HikariDataSource - HikariPool-1 - Starting...
2025-08-24 12:11:57 INFO  com.zaxxer.hikari.pool.HikariPool - HikariPool-1 - Added connection conn0: url=jdbc:h2:file:./wbozon2 user=SA
2025-08-24 12:11:57 INFO  com.zaxxer.hikari.HikariDataSource - HikariPool-1 - Start completed.
2025-08-24 12:11:58 INFO  o.s.o.j.LocalContainerEntityManagerFactoryBean - Initialized JPA EntityManagerFactory for persistence unit 'default'
2025-08-24 12:11:59 INFO  o.s.b.a.w.s.WelcomePageHandlerMapping - Adding welcome page: class path resource [static/index.html]
2025-08-24 12:12:02 INFO  o.s.b.a.h.H2ConsoleAutoConfiguration - H2 console available at '/h2-console'. Database available at 'jdbc:h2:file:./wbozon2'
2025-08-24 12:12:02 INFO  o.s.b.d.a.OptionalLiveReloadServer - LiveReload server is running on port 35729
2025-08-24 12:12:02 INFO  o.s.b.a.e.web.EndpointLinksResolver - Exposing 0 endpoints beneath base path '/actuator'
2025-08-24 12:12:02 INFO  o.s.i.endpoint.EventDrivenConsumer - Adding {logging-channel-adapter:_org.springframework.integration.errorLogger} as a subscriber to the 'errorChannel' channel
2025-08-24 12:12:02 INFO  o.s.i.c.PublishSubscribeChannel - Channel 'application.errorChannel' has 1 subscriber(s).
2025-08-24 12:12:02 INFO  o.s.i.endpoint.EventDrivenConsumer - started bean '_org.springframework.integration.errorLogger'
2025-08-24 12:12:02 INFO  o.a.coyote.http11.Http11NioProtocol - Starting ProtocolHandler ["http-nio-8080"]
2025-08-24 12:12:02 INFO  o.s.b.w.e.tomcat.TomcatWebServer - Tomcat started on port 8080 (http) with context path '/'
2025-08-24 12:12:03 INFO  com.wbozon.WbApi - Started WbApi in 13.573 seconds (process running for 15.667)
2025-08-24 12:12:04 INFO  o.a.c.c.C.[Tomcat].[localhost].[/] - Initializing Spring DispatcherServlet 'dispatcherServlet'
2025-08-24 12:12:04 INFO  o.s.web.servlet.DispatcherServlet - Initializing Servlet 'dispatcherServlet'
2025-08-24 12:12:04 INFO  o.s.web.servlet.DispatcherServlet - Completed initialization in 2 ms
2025-08-24 14:29:35 WARN  c.w.wb.client.WildberriesCardClient - 🔄 HttpClient пересоздан из-за превышения лимита карточек.
2025-08-24 14:46:58 WARN  c.w.wb.client.WildberriesCardClient - 🔄 HttpClient пересоздан из-за превышения лимита карточек.
2025-08-24 14:46:59 WARN  c.w.wb.client.WildberriesCardClient - 🔄 HttpClient пересоздан из-за превышения лимита карточек.
2025-08-24 14:47:00 WARN  c.w.wb.client.WildberriesCardClient - 🔄 HttpClient пересоздан из-за превышения лимита карточек.
2025-08-24 14:47:00 WARN  c.w.wb.client.WildberriesCardClient - 🔄 HttpClient пересоздан из-за превышения лимита карточек.
2025-08-24 14:47:01 WARN  c.w.wb.client.WildberriesCardClient - 🔄 HttpClient пересоздан из-за превышения лимита карточек.
2025-08-24 14:47:02 WARN  c.w.wb.client.WildberriesCardClient - 🔄 HttpClient пересоздан из-за превышения лимита карточек.
2025-08-24 14:47:03 WARN  c.w.wb.client.WildberriesCardClient - 🔄 HttpClient пересоздан из-за превышения лимита карточек.
2025-08-24 14:47:04 WARN  c.w.wb.client.WildberriesCardClient - 🔄 HttpClient пересоздан из-за превышения лимита карточек.
2025-08-24 14:47:05 WARN  c.w.wb.client.WildberriesCardClient - 🔄 HttpClient пересоздан из-за превышения лимита карточек.
2025-08-24 14:47:06 WARN  c.w.wb.client.WildberriesCardClient - 🔄 HttpClient пересоздан из-за превышения лимита карточек.
2025-08-24 14:47:07 WARN  c.w.wb.client.WildberriesCardClient - 🔄 HttpClient пересоздан из-за превышения лимита карточек.
2025-08-24 14:47:08 WARN  c.w.wb.client.WildberriesCardClient - 🔄 HttpClient пересоздан из-за превышения лимита карточек.
2025-08-24 14:47:09 WARN  c.w.wb.client.WildberriesCardClient - 🔄 HttpClient пересоздан из-за превышения лимита карточек.
2025-08-24 14:47:09 WARN  c.w.wb.client.WildberriesCardClient - 🔄 HttpClient пересоздан из-за превышения лимита карточек.
2025-08-24 14:47:10 WARN  c.w.wb.client.WildberriesCardClient - 🔄 HttpClient пересоздан из-за превышения лимита карточек.
2025-08-24 14:47:12 WARN  c.w.wb.client.WildberriesCardClient - 🔄 HttpClient пересоздан из-за превышения лимита карточек.
2025-08-24 14:47:13 WARN  c.w.wb.client.WildberriesCardClient - 🔄 HttpClient пересоздан из-за превышения лимита карточек.
2025-08-24 14:47:14 WARN  c.w.wb.client.WildberriesCardClient - 🔄 HttpClient пересоздан из-за превышения лимита карточек.
2025-08-24 14:47:16 WARN  c.w.wb.client.WildberriesCardClient - 🔄 HttpClient пересоздан из-за превышения лимита карточек.
2025-08-24 14:47:17 WARN  c.w.wb.client.WildberriesCardClient - 🔄 HttpClient пересоздан из-за превышения лимита карточек.
2025-08-24 14:47:23 WARN  c.w.wb.client.WildberriesCardClient - 🔄 HttpClient пересоздан из-за превышения лимита карточек.
2025-08-24 14:47:24 WARN  c.w.wb.client.WildberriesCardClient - 🔄 HttpClient пересоздан из-за превышения лимита карточек.
2025-08-24 14:47:24 WARN  c.w.wb.client.WildberriesCardClient - 🔄 HttpClient пересоздан из-за превышения лимита карточек.
2025-08-24 14:47:26 WARN  c.w.wb.client.WildberriesCardClient - 🔄 HttpClient пересоздан из-за превышения лимита карточек.
2025-08-24 14:47:27 WARN  c.w.wb.client.WildberriesCardClient - 🔄 HttpClient пересоздан из-за превышения лимита карточек.
2025-08-24 14:47:29 WARN  c.w.wb.client.WildberriesCardClient - 🔄 HttpClient пересоздан из-за превышения лимита карточек.
2025-08-24 14:47:29 WARN  c.w.wb.client.WildberriesCardClient - 🔄 HttpClient пересоздан из-за превышения лимита карточек.
2025-08-24 14:47:30 WARN  c.w.wb.client.WildberriesCardClient - 🔄 HttpClient пересоздан из-за превышения лимита карточек.
2025-08-24 14:47:31 WARN  c.w.wb.client.WildberriesCardClient - 🔄 HttpClient пересоздан из-за превышения лимита карточек.
2025-08-24 14:47:32 WARN  c.w.wb.client.WildberriesCardClient - 🔄 HttpClient пересоздан из-за превышения лимита карточек.
2025-08-24 14:47:32 WARN  c.w.wb.client.WildberriesCardClient - 🔄 HttpClient пересоздан из-за превышения лимита карточек.
2025-08-24 14:47:33 WARN  c.w.wb.client.WildberriesCardClient - 🔄 HttpClient пересоздан из-за превышения лимита карточек.
2025-08-24 14:47:34 WARN  c.w.wb.client.WildberriesCardClient - 🔄 HttpClient пересоздан из-за превышения лимита карточек.
2025-08-24 14:47:35 WARN  c.w.wb.client.WildberriesCardClient - 🔄 HttpClient пересоздан из-за превышения лимита карточек.
2025-08-24 14:47:36 WARN  c.w.wb.client.WildberriesCardClient - 🔄 HttpClient пересоздан из-за превышения лимита карточек.
2025-08-24 14:47:36 WARN  c.w.wb.client.WildberriesCardClient - 🔄 HttpClient пересоздан из-за превышения лимита карточек.
2025-08-24 14:47:37 WARN  c.w.wb.client.WildberriesCardClient - 🔄 HttpClient пересоздан из-за превышения лимита карточек.
2025-08-24 14:47:38 WARN  c.w.wb.client.WildberriesCardClient - 🔄 HttpClient пересоздан из-за превышения лимита карточек.
2025-08-24 14:47:39 WARN  c.w.wb.client.WildberriesCardClient - 🔄 HttpClient пересоздан из-за превышения лимита карточек.
2025-08-24 14:47:40 WARN  c.w.wb.client.WildberriesCardClient - 🔄 HttpClient пересоздан из-за превышения лимита карточек.
2025-08-24 14:47:41 WARN  c.w.wb.client.WildberriesCardClient - 🔄 HttpClient пересоздан из-за превышения лимита карточек.
2025-08-24 14:47:42 WARN  c.w.wb.client.WildberriesCardClient - 🔄 HttpClient пересоздан из-за превышения лимита карточек.
2025-08-24 14:47:42 WARN  c.w.wb.client.WildberriesCardClient - 🔄 HttpClient пересоздан из-за превышения лимита карточек.
2025-08-24 14:47:43 WARN  c.w.wb.client.WildberriesCardClient - 🔄 HttpClient пересоздан из-за превышения лимита карточек.
2025-08-24 14:47:44 WARN  c.w.wb.client.WildberriesCardClient - 🔄 HttpClient пересоздан из-за превышения лимита карточек.
2025-08-24 14:47:45 WARN  c.w.wb.client.WildberriesCardClient - 🔄 HttpClient пересоздан из-за превышения лимита карточек.
2025-08-24 14:47:45 WARN  c.w.wb.client.WildberriesCardClient - 🔄 HttpClient пересоздан из-за превышения лимита карточек.
2025-08-24 14:47:46 WARN  c.w.wb.client.WildberriesCardClient - 🔄 HttpClient пересоздан из-за превышения лимита карточек.
2025-08-24 14:47:47 WARN  c.w.wb.client.WildberriesCardClient - 🔄 HttpClient пересоздан из-за превышения лимита карточек.
2025-08-24 14:47:48 WARN  c.w.wb.client.WildberriesCardClient - 🔄 HttpClient пересоздан из-за превышения лимита карточек.
2025-08-24 14:47:49 WARN  c.w.wb.client.WildberriesCardClient - 🔄 HttpClient пересоздан из-за превышения лимита карточек.
2025-08-24 14:47:49 WARN  c.w.wb.client.WildberriesCardClient - 🔄 HttpClient пересоздан из-за превышения лимита карточек.
2025-08-24 14:47:50 WARN  c.w.wb.client.WildberriesCardClient - 🔄 HttpClient пересоздан из-за превышения лимита карточек.
2025-08-24 14:47:51 WARN  c.w.wb.client.WildberriesCardClient - 🔄 HttpClient пересоздан из-за превышения лимита карточек.
2025-08-24 14:47:52 WARN  c.w.wb.client.WildberriesCardClient - 🔄 HttpClient пересоздан из-за превышения лимита карточек.
2025-08-24 14:47:52 WARN  c.w.wb.client.WildberriesCardClient - 🔄 HttpClient пересоздан из-за превышения лимита карточек.
2025-08-24 14:47:53 WARN  c.w.wb.client.WildberriesCardClient - 🔄 HttpClient пересоздан из-за превышения лимита карточек.
2025-08-24 14:47:54 WARN  c.w.wb.client.WildberriesCardClient - 🔄 HttpClient пересоздан из-за превышения лимита карточек.
2025-08-24 14:47:55 WARN  c.w.wb.client.WildberriesCardClient - 🔄 HttpClient пересоздан из-за превышения лимита карточек.
2025-08-24 14:47:56 WARN  c.w.wb.client.WildberriesCardClient - 🔄 HttpClient пересоздан из-за превышения лимита карточек.
2025-08-24 14:47:57 WARN  c.w.wb.client.WildberriesCardClient - 🔄 HttpClient пересоздан из-за превышения лимита карточек.
2025-08-24 14:47:58 WARN  c.w.wb.client.WildberriesCardClient - 🔄 HttpClient пересоздан из-за превышения лимита карточек.
2025-08-24 14:47:59 WARN  c.w.wb.client.WildberriesCardClient - 🔄 HttpClient пересоздан из-за превышения лимита карточек.
2025-08-24 14:48:00 WARN  c.w.wb.client.WildberriesCardClient - 🔄 HttpClient пересоздан из-за превышения лимита карточек.
2025-08-24 14:48:01 WARN  c.w.wb.client.WildberriesCardClient - 🔄 HttpClient пересоздан из-за превышения лимита карточек.
2025-08-24 14:48:02 WARN  c.w.wb.client.WildberriesCardClient - 🔄 HttpClient пересоздан из-за превышения лимита карточек.
2025-08-24 14:48:03 WARN  c.w.wb.client.WildberriesCardClient - 🔄 HttpClient пересоздан из-за превышения лимита карточек.
2025-08-24 14:48:05 WARN  c.w.wb.client.WildberriesCardClient - 🔄 HttpClient пересоздан из-за превышения лимита карточек.
2025-08-24 14:48:06 WARN  c.w.wb.client.WildberriesCardClient - 🔄 HttpClient пересоздан из-за превышения лимита карточек.
2025-08-24 14:48:07 WARN  c.w.wb.client.WildberriesCardClient - 🔄 HttpClient пересоздан из-за превышения лимита карточек.
2025-08-24 14:48:08 WARN  c.w.wb.client.WildberriesCardClient - 🔄 HttpClient пересоздан из-за превышения лимита карточек.
2025-08-24 14:48:09 WARN  c.w.wb.client.WildberriesCardClient - 🔄 HttpClient пересоздан из-за превышения лимита карточек.
2025-08-24 14:48:10 WARN  c.w.wb.client.WildberriesCardClient - 🔄 HttpClient пересоздан из-за превышения лимита карточек.
2025-08-24 14:48:12 WARN  c.w.wb.client.WildberriesCardClient - 🔄 HttpClient пересоздан из-за превышения лимита карточек.
2025-08-24 14:48:13 WARN  c.w.wb.client.WildberriesCardClient - 🔄 HttpClient пересоздан из-за превышения лимита карточек.
2025-08-24 14:48:14 WARN  c.w.wb.client.WildberriesCardClient - 🔄 HttpClient пересоздан из-за превышения лимита карточек.
2025-08-24 14:48:14 WARN  c.w.wb.client.WildberriesCardClient - 🔄 HttpClient пересоздан из-за превышения лимита карточек.
2025-08-24 14:48:16 WARN  c.w.wb.client.WildberriesCardClient - 🔄 HttpClient пересоздан из-за превышения лимита карточек.
2025-08-24 14:48:17 WARN  c.w.wb.client.WildberriesCardClient - 🔄 HttpClient пересоздан из-за превышения лимита карточек.
2025-08-24 14:48:22 WARN  c.w.wb.client.WildberriesCardClient - 🔄 HttpClient пересоздан из-за превышения лимита карточек.
2025-08-24 14:48:23 WARN  c.w.wb.client.WildberriesCardClient - 🔄 HttpClient пересоздан из-за превышения лимита карточек.
2025-08-24 14:48:24 WARN  c.w.wb.client.WildberriesCardClient - 🔄 HttpClient пересоздан из-за превышения лимита карточек.
2025-08-24 14:48:25 WARN  c.w.wb.client.WildberriesCardClient - 🔄 HttpClient пересоздан из-за превышения лимита карточек.
2025-08-24 14:48:26 WARN  c.w.wb.client.WildberriesCardClient - 🔄 HttpClient пересоздан из-за превышения лимита карточек.
2025-08-24 14:48:27 WARN  c.w.wb.client.WildberriesCardClient - 🔄 HttpClient пересоздан из-за превышения лимита карточек.
2025-08-24 14:48:27 WARN  c.w.wb.client.WildberriesCardClient - 🔄 HttpClient пересоздан из-за превышения лимита карточек.
2025-08-24 14:48:28 WARN  c.w.wb.client.WildberriesCardClient - 🔄 HttpClient пересоздан из-за превышения лимита карточек.
2025-08-24 14:48:29 WARN  c.w.wb.client.WildberriesCardClient - 🔄 HttpClient пересоздан из-за превышения лимита карточек.
2025-08-24 14:48:30 WARN  c.w.wb.client.WildberriesCardClient - 🔄 HttpClient пересоздан из-за превышения лимита карточек.
2025-08-24 14:48:31 WARN  c.w.wb.client.WildberriesCardClient - 🔄 HttpClient пересоздан из-за превышения лимита карточек.
2025-08-24 14:48:34 WARN  c.w.wb.client.WildberriesCardClient - 🔄 HttpClient пересоздан из-за превышения лимита карточек.
2025-08-24 14:48:42 WARN  c.w.wb.client.WildberriesCardClient - 🔄 HttpClient пересоздан из-за превышения лимита карточек.
2025-08-24 15:04:39 WARN  c.w.wb.client.WildberriesCardClient - 🔄 HttpClient пересоздан из-за превышения лимита карточек.
2025-08-24 15:17:06 WARN  c.w.wb.client.WildberriesCardClient - 🔄 HttpClient пересоздан из-за превышения лимита карточек.
2025-08-24 15:23:27 WARN  c.w.wb.client.WildberriesCardClient - 🔄 HttpClient пересоздан из-за превышения лимита карточек.
2025-08-24 15:23:35 INFO  c.wbozon.wb.facade.WildberriesFacade - 🚀 Начинаем синхронизацию карточек...
2025-08-24 15:23:51 INFO  c.wbozon.wb.facade.WildberriesFacade - 🏁 Синхронизация карточек завершена за 16162 мс
2025-08-24 15:30:49 WARN  c.w.wb.client.WildberriesCardClient - 🔄 HttpClient пересоздан из-за превышения лимита карточек.
2025-08-24 16:10:49 WARN  c.w.wb.client.WildberriesCardClient - 🔄 HttpClient пересоздан из-за превышения лимита карточек.
2025-08-24 16:10:49 INFO  c.wbozon.wb.facade.WildberriesFacade - 🚀 Начинаем синхронизацию карточек...
2025-08-24 16:11:09 WARN  c.w.wb.client.WildberriesCardClient - 🔄 HttpClient пересоздан из-за превышения лимита карточек.
2025-08-24 16:11:09 INFO  c.wbozon.wb.facade.WildberriesFacade - 🚀 Начинаем синхронизацию карточек...
2025-08-24 16:27:33 WARN  c.w.wb.client.WildberriesCardClient - 🔄 HttpClient пересоздан из-за превышения лимита карточек.
2025-08-24 16:40:08 WARN  c.w.wb.client.WildberriesCardClient - 🔄 HttpClient пересоздан из-за превышения лимита карточек.
2025-08-24 16:44:25 INFO  c.wbozon.wb.facade.WildberriesFacade - 🏁 Синхронизация карточек завершена за 1996234 мс
2025-08-24 17:42:17 WARN  c.w.wb.client.WildberriesCardClient - 🔄 HttpClient пересоздан из-за превышения лимита карточек.
2025-08-24 17:43:33 WARN  c.w.wb.client.WildberriesCardClient - 🔄 HttpClient пересоздан из-за превышения лимита карточек.
2025-08-24 17:45:33 WARN  c.w.wb.client.WildberriesCardClient - 🔄 HttpClient пересоздан из-за превышения лимита карточек.
2025-08-24 17:46:01 INFO  c.wbozon.wb.facade.WildberriesFacade - 🚀 Начинаем синхронизацию карточек...
2025-08-24 17:46:34 INFO  c.wbozon.wb.facade.WildberriesFacade - 🏁 Синхронизация карточек завершена за 33377 мс
2025-08-24 17:56:14 WARN  c.w.wb.client.WildberriesCardClient - 🔄 HttpClient пересоздан из-за превышения лимита карточек.
2025-08-24 17:56:14 INFO  c.w.w.r.ProductCardRepository - 🚀 Начинаем чтение карточек из файла ...
2025-08-24 17:56:14 INFO  c.w.w.r.ProductCardRepository - 🏁 Синхронизация карточек завершена за 5 мс
2025-08-24 17:56:23 INFO  c.wbozon.wb.facade.WildberriesFacade - 🚀 Начинаем синхронизацию карточек...
2025-08-24 17:56:25 INFO  c.wbozon.wb.facade.WildberriesFacade - 🏁 Синхронизация карточек завершена за 1809 мс
2025-08-24 17:56:25 INFO  c.w.w.r.ProductCardRepository - 🚀 Начинаем чтение карточек из файла ...
2025-08-24 17:56:25 INFO  c.w.w.r.ProductCardRepository - 🏁 Синхронизация карточек завершена за 15 мс
2025-08-24 17:57:29 WARN  c.w.wb.client.WildberriesCardClient - 🔄 HttpClient пересоздан из-за превышения лимита карточек.
2025-08-24 17:57:29 INFO  c.w.w.r.ProductCardRepository - 🚀 Начинаем чтение карточек из файла ...
2025-08-24 17:57:29 INFO  c.w.w.r.ProductCardRepository - 🏁 Синхронизация карточек завершена за 17 мс
2025-08-24 18:12:45 WARN  c.w.wb.client.WildberriesCardClient - 🔄 HttpClient пересоздан из-за превышения лимита карточек.
2025-08-24 18:12:45 INFO  c.w.w.r.ProductCardRepository - 🚀 Начинаем чтение карточек из файла ...
2025-08-24 18:12:45 INFO  c.w.w.r.ProductCardRepository - 🏁 Синхронизация карточек завершена за 7 мс
2025-08-24 18:13:55 WARN  c.w.wb.client.WildberriesCardClient - 🔄 HttpClient пересоздан из-за превышения лимита карточек.
2025-08-24 18:13:55 INFO  c.w.w.r.ProductCardRepository - 🚀 Начинаем чтение карточек из файла ...
2025-08-24 18:13:55 INFO  c.w.w.r.ProductCardRepository - 🏁 Синхронизация карточек завершена за 7 мс
2025-08-24 18:14:02 INFO  c.w.w.r.ProductCardRepository - 🚀 Начинаем чтение карточек из файла ...
2025-08-24 18:14:02 INFO  c.w.w.r.ProductCardRepository - 🏁 Синхронизация карточек завершена за 1 мс
2025-08-24 18:14:10 INFO  c.wbozon.wb.facade.WildberriesFacade - 🚀 Начинаем синхронизацию карточек...
2025-08-24 18:15:21 INFO  c.w.w.r.ProductCardRepository - 🚀 Начинаем ПОТОКОВЕ сохранение карточек в файл ...
2025-08-24 18:20:56 WARN  c.w.wb.client.WildberriesCardClient - 🔄 HttpClient пересоздан из-за превышения лимита карточек.
2025-08-24 18:20:56 INFO  c.w.w.r.ProductCardRepository - 🚀 Начинаем чтение карточек из файла ...
2025-08-24 18:20:56 INFO  c.w.w.r.ProductCardRepository - 🏁 Чтение карточек из файла завершено за 17 мс
2025-08-24 18:21:41 WARN  c.w.wb.client.WildberriesCardClient - 🔄 HttpClient пересоздан из-за превышения лимита карточек.
2025-08-24 18:21:41 INFO  c.w.w.r.ProductCardRepository - 🚀 Начинаем чтение карточек из файла ...
2025-08-24 18:21:41 INFO  c.w.w.r.ProductCardRepository - 🏁 Чтение карточек из файла завершено за 23 мс
2025-08-24 18:21:48 INFO  c.w.w.r.ProductCardRepository - 🚀 Начинаем чтение карточек из файла ...
2025-08-24 18:21:48 INFO  c.w.w.r.ProductCardRepository - 🏁 Чтение карточек из файла завершено за 1 мс
2025-08-24 18:21:55 INFO  c.wbozon.wb.facade.WildberriesFacade - 🚀 Начинаем синхронизацию карточек...
2025-08-24 18:22:03 INFO  c.w.w.r.ProductCardRepository - 🚀 Начинаем ПОТОКОВОЕ сохранение карточек в файл ...
2025-08-24 18:22:09 INFO  c.w.w.r.ProductCardRepository - 🏁 Потоковое сохранение карточек завершено за 6838 мс
2025-08-24 18:22:09 INFO  c.wbozon.wb.facade.WildberriesFacade - 🏁 Синхронизация карточек завершена за 14079 мс
2025-08-24 18:28:13 WARN  c.w.wb.client.WildberriesCardClient - 🔄 HttpClient пересоздан из-за превышения лимита карточек.
2025-08-24 18:28:19 INFO  c.w.w.r.ProductCardRepository - 🚀 Начинаем чтение карточек из файла ...
2025-08-24 18:28:26 INFO  c.w.w.r.ProductCardRepository - 🏁 Чтение карточек из файла завершено за 12536 мс
2025-08-24 18:30:43 WARN  c.w.wb.client.WildberriesCardClient - 🔄 HttpClient пересоздан из-за превышения лимита карточек.
2025-08-24 18:30:47 INFO  c.w.w.r.ProductCardRepository - 🚀 Начинаем чтение карточек из файла ...
2025-08-24 18:30:47 INFO  c.w.w.r.ProductCardRepository - 🏁 Чтение карточек из файла завершено за 4383 мс
2025-08-24 18:30:55 INFO  c.w.w.r.ProductCardRepository - 🚀 Начинаем чтение карточек из файла ...
2025-08-24 18:30:55 INFO  c.w.w.r.ProductCardRepository - 🏁 Чтение карточек из файла завершено за 1 мс
2025-08-24 18:31:02 INFO  c.wbozon.wb.facade.WildberriesFacade - 🚀 Начинаем обновление карточек из product_cards.json  ...
2025-08-24 18:31:04 INFO  c.w.w.r.ProductCardRepository - 🚀 Начинаем ПОТОКОВОЕ сохранение карточек в файл ...
2025-08-24 18:31:11 INFO  c.w.w.r.ProductCardRepository - 🏁 Потоковое сохранение карточек завершено за 6700 мс
2025-08-24 18:31:11 INFO  c.wbozon.wb.facade.WildberriesFacade - 🏁 Обновление карточек завершено за 9215 мс
2025-08-24 18:49:31 WARN  c.w.wb.client.WildberriesCardClient - 🔄 HttpClient пересоздан из-за превышения лимита карточек.
2025-08-24 18:49:31 INFO  c.w.w.r.ProductCardRepository - 🚀 Начинаем чтение карточек из файла ...
2025-08-24 18:49:31 INFO  c.w.w.r.ProductCardRepository - 🏁 Чтение карточек из файла завершено за 15 мс
2025-08-24 18:49:38 INFO  c.w.w.r.ProductCardRepository - 🚀 Начинаем чтение карточек из файла ...
2025-08-24 18:49:38 INFO  c.w.w.r.ProductCardRepository - 🏁 Чтение карточек из файла завершено за 1 мс
2025-08-24 18:49:46 INFO  c.wbozon.wb.facade.WildberriesFacade - 🚀 Начинаем обновление карточек из product_cards.json  ...
2025-08-24 18:49:47 INFO  c.w.w.r.ProductCardRepository - 🚀 Начинаем ПОТОКОВОЕ сохранение карточек в файл ...
2025-08-24 18:49:54 INFO  c.w.w.r.ProductCardRepository - 🏁 Потоковое сохранение карточек завершено за 6774 мс
2025-08-24 18:49:54 INFO  c.wbozon.wb.facade.WildberriesFacade - 🏁 Обновление карточек завершено за 7673 мс
2025-08-24 20:57:52 WARN  c.w.wb.client.WildberriesCardClient - 🔄 HttpClient пересоздан из-за превышения лимита карточек.
2025-08-24 20:57:52 INFO  c.w.w.r.ProductCardRepository - 🚀 Начинаем чтение карточек из файла ...
2025-08-24 20:57:52 INFO  c.w.w.r.ProductCardRepository - 🏁 Чтение карточек из файла завершено за 20 мс
2025-08-24 21:00:29 WARN  c.w.wb.client.WildberriesCardClient - 🔄 HttpClient пересоздан из-за превышения лимита карточек.
2025-08-24 21:00:44 INFO  c.w.w.r.ProductCardRepository - 🚀 Начинаем чтение карточек из файла ...
2025-08-24 21:00:44 INFO  c.w.w.r.ProductCardRepository - 🏁 Чтение карточек из файла завершено за 16 мс
2025-08-24 21:20:50 WARN  c.w.wb.client.WildberriesCardClient - 🔄 HttpClient пересоздан из-за превышения лимита карточек.
2025-08-24 21:21:58 INFO  c.w.w.r.ProductCardRepository - 🚀 Начинаем чтение карточек из файла ...
2025-08-24 21:21:59 INFO  c.w.w.r.ProductCardRepository - 🏁 Чтение карточек из файла завершено за 223 мс
2025-08-24 21:24:15 WARN  c.w.wb.client.WildberriesCardClient - 🔄 HttpClient пересоздан из-за превышения лимита карточек.
2025-08-24 21:24:26 INFO  c.w.w.r.ProductCardRepository - 🚀 Начинаем чтение карточек из файла ...
2025-08-24 21:24:26 INFO  c.w.w.r.ProductCardRepository - 🏁 Чтение карточек из файла завершено за 6 мс
2025-08-24 21:47:14 ERROR c.w.w.s.WildberriesProductService - Ошибка при получении складов
java.lang.RuntimeException: Error fetching warehouses: null
	at com.wbozon.wb.client.WildberriesWireHousesClient.lambda$0(WildberriesWireHousesClient.java:83)
	at com.wbozon.wb.api.RetryHandler.executeWithRetry(RetryHandler.java:19)
	at com.wbozon.wb.client.WildberriesWireHousesClient.fetchWarehouses(WildberriesWireHousesClient.java:49)
	at com.wbozon.wb.service.WildberriesProductService.updateWarehouses(WildberriesProductService.java:53)
	at com.wbozon.wb.service.WildberriesProductService.<init>(WildberriesProductService.java:47)
	at com.wbozon.wb.facade.WildberriesFacade.<init>(WildberriesFacade.java:33)
	at com.wbozon.wb.Main.main(Main.java:14)
Caused by: java.net.ConnectException: null
	at java.net.http/jdk.internal.net.http.HttpClientImpl.send(HttpClientImpl.java:951)
	at java.net.http/jdk.internal.net.http.HttpClientFacade.send(HttpClientFacade.java:133)
	at com.wbozon.wb.client.WildberriesWireHousesClient.lambda$0(WildberriesWireHousesClient.java:57)
	... 6 common frames omitted
Caused by: java.net.ConnectException: null
	at java.net.http/jdk.internal.net.http.common.Utils.toConnectException(Utils.java:1028)
	at java.net.http/jdk.internal.net.http.PlainHttpConnection.connectAsync(PlainHttpConnection.java:227)
	at java.net.http/jdk.internal.net.http.AsyncSSLConnection.connectAsync(AsyncSSLConnection.java:56)
	at java.net.http/jdk.internal.net.http.Http2Connection.createAsync(Http2Connection.java:468)
	at java.net.http/jdk.internal.net.http.Http2ClientImpl.getConnectionFor(Http2ClientImpl.java:134)
	at java.net.http/jdk.internal.net.http.ExchangeImpl.get(ExchangeImpl.java:94)
	at java.net.http/jdk.internal.net.http.Exchange.establishExchange(Exchange.java:386)
	at java.net.http/jdk.internal.net.http.Exchange.responseAsyncImpl0(Exchange.java:570)
	at java.net.http/jdk.internal.net.http.Exchange.responseAsyncImpl(Exchange.java:423)
	at java.net.http/jdk.internal.net.http.Exchange.responseAsync(Exchange.java:415)
	at java.net.http/jdk.internal.net.http.MultiExchange.responseAsyncImpl(MultiExchange.java:413)
	at java.net.http/jdk.internal.net.http.MultiExchange.lambda$responseAsyncImpl$7(MultiExchange.java:454)
	at java.base/java.util.concurrent.CompletableFuture.uniHandle(CompletableFuture.java:934)
	at java.base/java.util.concurrent.CompletableFuture.uniHandleStage(CompletableFuture.java:950)
	at java.base/java.util.concurrent.CompletableFuture.handle(CompletableFuture.java:2372)
	at java.net.http/jdk.internal.net.http.MultiExchange.responseAsyncImpl(MultiExchange.java:444)
	at java.net.http/jdk.internal.net.http.MultiExchange.lambda$responseAsync0$2(MultiExchange.java:346)
	at java.base/java.util.concurrent.CompletableFuture$UniCompose.tryFire(CompletableFuture.java:1150)
	at java.base/java.util.concurrent.CompletableFuture.postComplete(CompletableFuture.java:510)
	at java.base/java.util.concurrent.CompletableFuture$AsyncSupply.run(CompletableFuture.java:1773)
	at java.net.http/jdk.internal.net.http.HttpClientImpl$DelegatingExecutor.execute(HttpClientImpl.java:177)
	at java.base/java.util.concurrent.CompletableFuture.completeAsync(CompletableFuture.java:2719)
	at java.net.http/jdk.internal.net.http.MultiExchange.responseAsync(MultiExchange.java:299)
	at java.net.http/jdk.internal.net.http.HttpClientImpl.sendAsync(HttpClientImpl.java:1047)
	at java.net.http/jdk.internal.net.http.HttpClientImpl.send(HttpClientImpl.java:930)
	... 8 common frames omitted
Caused by: java.nio.channels.UnresolvedAddressException: null
	at java.base/sun.nio.ch.Net.checkAddress(Net.java:137)
	at java.base/sun.nio.ch.Net.checkAddress(Net.java:145)
	at java.base/sun.nio.ch.SocketChannelImpl.checkRemote(SocketChannelImpl.java:842)
	at java.base/sun.nio.ch.SocketChannelImpl.connect(SocketChannelImpl.java:865)
	at java.net.http/jdk.internal.net.http.PlainHttpConnection.lambda$connectAsync$1(PlainHttpConnection.java:210)
	at java.base/java.security.AccessController.doPrivileged(AccessController.java:571)
	at java.net.http/jdk.internal.net.http.PlainHttpConnection.connectAsync(PlainHttpConnection.java:212)
	... 31 common frames omitted
2025-08-24 21:50:36 WARN  c.w.wb.client.WildberriesCardClient - 🔄 HttpClient пересоздан из-за превышения лимита карточек.
2025-08-24 21:50:37 INFO  c.w.w.r.ProductCardRepository - 🚀 Начинаем чтение карточек из файла ...
2025-08-24 21:50:37 INFO  c.w.w.r.ProductCardRepository - 🏁 Чтение карточек из файла завершено за 5 мс
2025-08-24 21:51:19 ERROR c.w.w.s.WildberriesProductService - Ошибка при получении складов
java.lang.RuntimeException: Error fetching warehouses: null
	at com.wbozon.wb.client.WildberriesWireHousesClient.lambda$0(WildberriesWireHousesClient.java:86)
	at com.wbozon.wb.api.RetryHandler.executeWithRetry(RetryHandler.java:19)
	at com.wbozon.wb.client.WildberriesWireHousesClient.fetchWarehouses(WildberriesWireHousesClient.java:47)
	at com.wbozon.wb.service.WildberriesProductService.updateWarehouses(WildberriesProductService.java:53)
	at com.wbozon.wb.service.WildberriesProductService.<init>(WildberriesProductService.java:47)
	at com.wbozon.wb.facade.WildberriesFacade.<init>(WildberriesFacade.java:33)
	at com.wbozon.wb.Main.main(Main.java:14)
Caused by: java.net.ConnectException: null
	at java.net.http/jdk.internal.net.http.HttpClientImpl.send(HttpClientImpl.java:951)
	at java.net.http/jdk.internal.net.http.HttpClientFacade.send(HttpClientFacade.java:133)
	at com.wbozon.wb.client.WildberriesWireHousesClient.lambda$0(WildberriesWireHousesClient.java:57)
	... 6 common frames omitted
Caused by: java.net.ConnectException: null
	at java.net.http/jdk.internal.net.http.common.Utils.toConnectException(Utils.java:1028)
	at java.net.http/jdk.internal.net.http.PlainHttpConnection.connectAsync(PlainHttpConnection.java:227)
	at java.net.http/jdk.internal.net.http.AsyncSSLConnection.connectAsync(AsyncSSLConnection.java:56)
	at java.net.http/jdk.internal.net.http.Http2Connection.createAsync(Http2Connection.java:468)
	at java.net.http/jdk.internal.net.http.Http2ClientImpl.getConnectionFor(Http2ClientImpl.java:134)
	at java.net.http/jdk.internal.net.http.ExchangeImpl.get(ExchangeImpl.java:94)
	at java.net.http/jdk.internal.net.http.Exchange.establishExchange(Exchange.java:386)
	at java.net.http/jdk.internal.net.http.Exchange.responseAsyncImpl0(Exchange.java:570)
	at java.net.http/jdk.internal.net.http.Exchange.responseAsyncImpl(Exchange.java:423)
	at java.net.http/jdk.internal.net.http.Exchange.responseAsync(Exchange.java:415)
	at java.net.http/jdk.internal.net.http.MultiExchange.responseAsyncImpl(MultiExchange.java:413)
	at java.net.http/jdk.internal.net.http.MultiExchange.lambda$responseAsyncImpl$7(MultiExchange.java:454)
	at java.base/java.util.concurrent.CompletableFuture.uniHandle(CompletableFuture.java:934)
	at java.base/java.util.concurrent.CompletableFuture.uniHandleStage(CompletableFuture.java:950)
	at java.base/java.util.concurrent.CompletableFuture.handle(CompletableFuture.java:2372)
	at java.net.http/jdk.internal.net.http.MultiExchange.responseAsyncImpl(MultiExchange.java:444)
	at java.net.http/jdk.internal.net.http.MultiExchange.lambda$responseAsync0$2(MultiExchange.java:346)
	at java.base/java.util.concurrent.CompletableFuture$UniCompose.tryFire(CompletableFuture.java:1150)
	at java.base/java.util.concurrent.CompletableFuture.postComplete(CompletableFuture.java:510)
	at java.base/java.util.concurrent.CompletableFuture$AsyncSupply.run(CompletableFuture.java:1773)
	at java.net.http/jdk.internal.net.http.HttpClientImpl$DelegatingExecutor.execute(HttpClientImpl.java:177)
	at java.base/java.util.concurrent.CompletableFuture.completeAsync(CompletableFuture.java:2719)
	at java.net.http/jdk.internal.net.http.MultiExchange.responseAsync(MultiExchange.java:299)
	at java.net.http/jdk.internal.net.http.HttpClientImpl.sendAsync(HttpClientImpl.java:1047)
	at java.net.http/jdk.internal.net.http.HttpClientImpl.send(HttpClientImpl.java:930)
	... 8 common frames omitted
Caused by: java.nio.channels.UnresolvedAddressException: null
	at java.base/sun.nio.ch.Net.checkAddress(Net.java:137)
	at java.base/sun.nio.ch.Net.checkAddress(Net.java:145)
	at java.base/sun.nio.ch.SocketChannelImpl.checkRemote(SocketChannelImpl.java:842)
	at java.base/sun.nio.ch.SocketChannelImpl.connect(SocketChannelImpl.java:865)
	at java.net.http/jdk.internal.net.http.PlainHttpConnection.lambda$connectAsync$1(PlainHttpConnection.java:210)
	at java.base/java.security.AccessController.doPrivileged(AccessController.java:571)
	at java.net.http/jdk.internal.net.http.PlainHttpConnection.connectAsync(PlainHttpConnection.java:212)
	... 31 common frames omitted
2025-08-24 21:57:47 WARN  c.w.wb.client.WildberriesCardClient - 🔄 HttpClient пересоздан из-за превышения лимита карточек.
2025-08-24 21:57:47 INFO  c.w.w.r.ProductCardRepository - 🚀 Начинаем чтение карточек из файла ...
2025-08-24 21:57:47 INFO  c.w.w.r.ProductCardRepository - 🏁 Чтение карточек из файла завершено за 4 мс
2025-08-24 21:58:24 ERROR c.w.w.s.WildberriesProductService - Ошибка при получении складов
java.lang.RuntimeException: Error fetching warehouses: null
	at com.wbozon.wb.client.WildberriesWireHousesClient.lambda$0(WildberriesWireHousesClient.java:83)
	at com.wbozon.wb.api.RetryHandler.executeWithRetry(RetryHandler.java:19)
	at com.wbozon.wb.client.WildberriesWireHousesClient.fetchWarehouses(WildberriesWireHousesClient.java:49)
	at com.wbozon.wb.service.WildberriesProductService.updateWarehouses(WildberriesProductService.java:53)
	at com.wbozon.wb.service.WildberriesProductService.<init>(WildberriesProductService.java:47)
	at com.wbozon.wb.facade.WildberriesFacade.<init>(WildberriesFacade.java:33)
	at com.wbozon.wb.Main.main(Main.java:14)
Caused by: java.net.ConnectException: null
	at java.net.http/jdk.internal.net.http.HttpClientImpl.send(HttpClientImpl.java:951)
	at java.net.http/jdk.internal.net.http.HttpClientFacade.send(HttpClientFacade.java:133)
	at com.wbozon.wb.client.WildberriesWireHousesClient.lambda$0(WildberriesWireHousesClient.java:57)
	... 6 common frames omitted
Caused by: java.net.ConnectException: null
	at java.net.http/jdk.internal.net.http.common.Utils.toConnectException(Utils.java:1028)
	at java.net.http/jdk.internal.net.http.PlainHttpConnection.connectAsync(PlainHttpConnection.java:227)
	at java.net.http/jdk.internal.net.http.AsyncSSLConnection.connectAsync(AsyncSSLConnection.java:56)
	at java.net.http/jdk.internal.net.http.Http2Connection.createAsync(Http2Connection.java:468)
	at java.net.http/jdk.internal.net.http.Http2ClientImpl.getConnectionFor(Http2ClientImpl.java:134)
	at java.net.http/jdk.internal.net.http.ExchangeImpl.get(ExchangeImpl.java:94)
	at java.net.http/jdk.internal.net.http.Exchange.establishExchange(Exchange.java:386)
	at java.net.http/jdk.internal.net.http.Exchange.responseAsyncImpl0(Exchange.java:570)
	at java.net.http/jdk.internal.net.http.Exchange.responseAsyncImpl(Exchange.java:423)
	at java.net.http/jdk.internal.net.http.Exchange.responseAsync(Exchange.java:415)
	at java.net.http/jdk.internal.net.http.MultiExchange.responseAsyncImpl(MultiExchange.java:413)
	at java.net.http/jdk.internal.net.http.MultiExchange.lambda$responseAsyncImpl$7(MultiExchange.java:454)
	at java.base/java.util.concurrent.CompletableFuture.uniHandle(CompletableFuture.java:934)
	at java.base/java.util.concurrent.CompletableFuture.uniHandleStage(CompletableFuture.java:950)
	at java.base/java.util.concurrent.CompletableFuture.handle(CompletableFuture.java:2372)
	at java.net.http/jdk.internal.net.http.MultiExchange.responseAsyncImpl(MultiExchange.java:444)
	at java.net.http/jdk.internal.net.http.MultiExchange.lambda$responseAsync0$2(MultiExchange.java:346)
	at java.base/java.util.concurrent.CompletableFuture$UniCompose.tryFire(CompletableFuture.java:1150)
	at java.base/java.util.concurrent.CompletableFuture.postComplete(CompletableFuture.java:510)
	at java.base/java.util.concurrent.CompletableFuture$AsyncSupply.run(CompletableFuture.java:1773)
	at java.net.http/jdk.internal.net.http.HttpClientImpl$DelegatingExecutor.execute(HttpClientImpl.java:177)
	at java.base/java.util.concurrent.CompletableFuture.completeAsync(CompletableFuture.java:2719)
	at java.net.http/jdk.internal.net.http.MultiExchange.responseAsync(MultiExchange.java:299)
	at java.net.http/jdk.internal.net.http.HttpClientImpl.sendAsync(HttpClientImpl.java:1047)
	at java.net.http/jdk.internal.net.http.HttpClientImpl.send(HttpClientImpl.java:930)
	... 8 common frames omitted
Caused by: java.nio.channels.UnresolvedAddressException: null
	at java.base/sun.nio.ch.Net.checkAddress(Net.java:137)
	at java.base/sun.nio.ch.Net.checkAddress(Net.java:145)
	at java.base/sun.nio.ch.SocketChannelImpl.checkRemote(SocketChannelImpl.java:842)
	at java.base/sun.nio.ch.SocketChannelImpl.connect(SocketChannelImpl.java:865)
	at java.net.http/jdk.internal.net.http.PlainHttpConnection.lambda$connectAsync$1(PlainHttpConnection.java:210)
	at java.base/java.security.AccessController.doPrivileged(AccessController.java:571)
	at java.net.http/jdk.internal.net.http.PlainHttpConnection.connectAsync(PlainHttpConnection.java:212)
	... 31 common frames omitted
2025-08-24 21:58:24 INFO  c.wbozon.wb.facade.WildberriesFacade - 🚀 Начинаем синхронизацию...
2025-08-24 22:11:52 WARN  c.w.wb.client.WildberriesCardClient - 🔄 HttpClient пересоздан из-за превышения лимита карточек.
2025-08-24 22:11:52 INFO  c.w.w.r.ProductCardRepository - 🚀 Начинаем чтение карточек из файла ...
2025-08-24 22:11:52 INFO  c.w.w.r.ProductCardRepository - 🏁 Чтение карточек из файла завершено за 5 мс
2025-08-24 22:12:00 ERROR c.w.w.s.WildberriesProductService - Ошибка при получении складов
java.lang.RuntimeException: Error fetching warehouses: null
	at com.wbozon.wb.client.WildberriesWireHousesClient.lambda$0(WildberriesWireHousesClient.java:110)
	at com.wbozon.wb.api.RetryHandler.executeWithRetry(RetryHandler.java:19)
	at com.wbozon.wb.client.WildberriesWireHousesClient.fetchWarehouses(WildberriesWireHousesClient.java:44)
	at com.wbozon.wb.service.WildberriesProductService.updateWarehouses(WildberriesProductService.java:53)
	at com.wbozon.wb.service.WildberriesProductService.<init>(WildberriesProductService.java:47)
	at com.wbozon.wb.facade.WildberriesFacade.<init>(WildberriesFacade.java:33)
	at com.wbozon.wb.Main.main(Main.java:14)
Caused by: java.net.ConnectException: null
	at java.net.http/jdk.internal.net.http.HttpClientImpl.send(HttpClientImpl.java:951)
	at java.net.http/jdk.internal.net.http.HttpClientFacade.send(HttpClientFacade.java:133)
	at com.wbozon.wb.client.WildberriesWireHousesClient.lambda$0(WildberriesWireHousesClient.java:56)
	... 6 common frames omitted
Caused by: java.net.ConnectException: null
	at java.net.http/jdk.internal.net.http.common.Utils.toConnectException(Utils.java:1028)
	at java.net.http/jdk.internal.net.http.PlainHttpConnection.connectAsync(PlainHttpConnection.java:227)
	at java.net.http/jdk.internal.net.http.AsyncSSLConnection.connectAsync(AsyncSSLConnection.java:56)
	at java.net.http/jdk.internal.net.http.Http2Connection.createAsync(Http2Connection.java:468)
	at java.net.http/jdk.internal.net.http.Http2ClientImpl.getConnectionFor(Http2ClientImpl.java:134)
	at java.net.http/jdk.internal.net.http.ExchangeImpl.get(ExchangeImpl.java:94)
	at java.net.http/jdk.internal.net.http.Exchange.establishExchange(Exchange.java:386)
	at java.net.http/jdk.internal.net.http.Exchange.responseAsyncImpl0(Exchange.java:570)
	at java.net.http/jdk.internal.net.http.Exchange.responseAsyncImpl(Exchange.java:423)
	at java.net.http/jdk.internal.net.http.Exchange.responseAsync(Exchange.java:415)
	at java.net.http/jdk.internal.net.http.MultiExchange.responseAsyncImpl(MultiExchange.java:413)
	at java.net.http/jdk.internal.net.http.MultiExchange.lambda$responseAsyncImpl$7(MultiExchange.java:454)
	at java.base/java.util.concurrent.CompletableFuture.uniHandle(CompletableFuture.java:934)
	at java.base/java.util.concurrent.CompletableFuture.uniHandleStage(CompletableFuture.java:950)
	at java.base/java.util.concurrent.CompletableFuture.handle(CompletableFuture.java:2372)
	at java.net.http/jdk.internal.net.http.MultiExchange.responseAsyncImpl(MultiExchange.java:444)
	at java.net.http/jdk.internal.net.http.MultiExchange.lambda$responseAsync0$2(MultiExchange.java:346)
	at java.base/java.util.concurrent.CompletableFuture$UniCompose.tryFire(CompletableFuture.java:1150)
	at java.base/java.util.concurrent.CompletableFuture.postComplete(CompletableFuture.java:510)
	at java.base/java.util.concurrent.CompletableFuture$AsyncSupply.run(CompletableFuture.java:1773)
	at java.net.http/jdk.internal.net.http.HttpClientImpl$DelegatingExecutor.execute(HttpClientImpl.java:177)
	at java.base/java.util.concurrent.CompletableFuture.completeAsync(CompletableFuture.java:2719)
	at java.net.http/jdk.internal.net.http.MultiExchange.responseAsync(MultiExchange.java:299)
	at java.net.http/jdk.internal.net.http.HttpClientImpl.sendAsync(HttpClientImpl.java:1047)
	at java.net.http/jdk.internal.net.http.HttpClientImpl.send(HttpClientImpl.java:930)
	... 8 common frames omitted
Caused by: java.nio.channels.UnresolvedAddressException: null
	at java.base/sun.nio.ch.Net.checkAddress(Net.java:137)
	at java.base/sun.nio.ch.Net.checkAddress(Net.java:145)
	at java.base/sun.nio.ch.SocketChannelImpl.checkRemote(SocketChannelImpl.java:842)
	at java.base/sun.nio.ch.SocketChannelImpl.connect(SocketChannelImpl.java:865)
	at java.net.http/jdk.internal.net.http.PlainHttpConnection.lambda$connectAsync$1(PlainHttpConnection.java:210)
	at java.base/java.security.AccessController.doPrivileged(AccessController.java:571)
	at java.net.http/jdk.internal.net.http.PlainHttpConnection.connectAsync(PlainHttpConnection.java:212)
	... 31 common frames omitted
2025-08-24 22:12:00 INFO  c.wbozon.wb.facade.WildberriesFacade - 🚀 Начинаем синхронизацию...
2025-08-24 22:13:14 WARN  c.w.wb.client.WildberriesCardClient - 🔄 HttpClient пересоздан из-за превышения лимита карточек.
2025-08-24 22:13:14 INFO  c.w.w.r.ProductCardRepository - 🚀 Начинаем чтение карточек из файла ...
2025-08-24 22:13:14 INFO  c.w.w.r.ProductCardRepository - 🏁 Чтение карточек из файла завершено за 7 мс
2025-08-24 22:16:43 WARN  c.w.wb.client.WildberriesCardClient - 🔄 HttpClient пересоздан из-за превышения лимита карточек.
2025-08-24 22:16:43 INFO  c.w.w.r.ProductCardRepository - 🚀 Начинаем чтение карточек из файла ...
2025-08-24 22:16:43 INFO  c.w.w.r.ProductCardRepository - 🏁 Чтение карточек из файла завершено за 7 мс
2025-08-24 22:18:19 ERROR c.w.w.s.WildberriesProductService - Ошибка при получении складов
com.google.gson.JsonSyntaxException: Expected a com.google.gson.JsonObject but was com.google.gson.JsonArray; at path $
	at com.google.gson.internal.bind.TypeAdapters$34$1.read(TypeAdapters.java:1152)
	at com.google.gson.Gson.fromJson(Gson.java:1361)
	at com.google.gson.Gson.fromJson(Gson.java:1262)
	at com.google.gson.Gson.fromJson(Gson.java:1171)
	at com.google.gson.Gson.fromJson(Gson.java:1107)
	at com.wbozon.wb.client.WildberriesWireHousesClient.lambda$0(WildberriesWireHousesClient.java:68)
	at com.wbozon.wb.api.RetryHandler.executeWithRetry(RetryHandler.java:19)
	at com.wbozon.wb.client.WildberriesWireHousesClient.fetchWarehouses(WildberriesWireHousesClient.java:43)
	at com.wbozon.wb.service.WildberriesProductService.updateWarehouses(WildberriesProductService.java:53)
	at com.wbozon.wb.service.WildberriesProductService.<init>(WildberriesProductService.java:47)
	at com.wbozon.wb.facade.WildberriesFacade.<init>(WildberriesFacade.java:33)
	at com.wbozon.wb.Main.main(Main.java:14)
2025-08-24 22:21:45 WARN  c.w.wb.client.WildberriesCardClient - 🔄 HttpClient пересоздан из-за превышения лимита карточек.
2025-08-24 22:21:45 INFO  c.w.w.r.ProductCardRepository - 🚀 Начинаем чтение карточек из файла ...
2025-08-24 22:21:45 INFO  c.w.w.r.ProductCardRepository - 🏁 Чтение карточек из файла завершено за 14 мс
2025-08-24 22:22:24 INFO  c.w.w.s.WildberriesProductService - Получили 2 складов
2025-08-24 22:22:48 INFO  c.wbozon.wb.facade.WildberriesFacade - 🚀 Начинаем синхронизацию...
2025-08-24 22:25:43 WARN  c.w.wb.client.WildberriesCardClient - 🔄 HttpClient пересоздан из-за превышения лимита карточек.
2025-08-24 22:25:43 INFO  c.w.w.r.ProductCardRepository - 🚀 Начинаем чтение карточек из файла ...
2025-08-24 22:25:43 INFO  c.w.w.r.ProductCardRepository - 🏁 Чтение карточек из файла завершено за 32 мс
2025-08-24 22:26:05 INFO  c.w.w.s.WildberriesProductService - Получили 2 складов
2025-08-24 22:26:05 INFO  c.wbozon.wb.facade.WildberriesFacade - 🚀 Начинаем синхронизацию остатков...
2025-08-24 22:26:50 INFO  c.wbozon.wb.facade.WildberriesFacade - 🏁 Синхронизация завершена за 44682 мс
2025-08-24 22:26:57 INFO  c.w.w.r.ProductCardRepository - 🚀 Начинаем чтение карточек из файла ...
2025-08-24 22:26:57 INFO  c.w.w.r.ProductCardRepository - 🏁 Чтение карточек из файла завершено за 1 мс
2025-08-24 22:27:04 INFO  c.wbozon.wb.facade.WildberriesFacade - 🚀 Начинаем обновление карточек из product_cards.json  ...
2025-08-24 22:27:17 INFO  c.w.w.r.ProductCardRepository - 🚀 Начинаем ПОТОКОВОЕ сохранение карточек в файл ...
2025-08-24 22:27:24 INFO  c.w.w.r.ProductCardRepository - 🏁 Потоковое сохранение карточек завершено за 7184 мс
2025-08-24 22:27:24 INFO  c.wbozon.wb.facade.WildberriesFacade - 🏁 Обновление карточек завершено за 20319 мс
2025-08-24 22:31:32 WARN  c.w.wb.client.WildberriesCardClient - 🔄 HttpClient пересоздан из-за превышения лимита карточек.
2025-08-24 22:31:33 INFO  c.w.w.r.ProductCardRepository - 🚀 Начинаем чтение карточек из файла ...
2025-08-24 22:31:33 INFO  c.w.w.r.ProductCardRepository - 🏁 Чтение карточек из файла завершено за 17 мс
2025-08-24 22:31:44 INFO  c.w.w.s.WildberriesProductService - Получили 2 складов
2025-08-24 22:31:44 INFO  c.wbozon.wb.facade.WildberriesFacade - 🚀 Начинаем синхронизацию остатков...
2025-08-24 22:31:53 INFO  c.wbozon.wb.facade.WildberriesFacade - 🏁 Синхронизация завершена за 9122 мс
2025-08-24 22:31:53 INFO  c.w.w.r.ProductCardRepository - 🚀 Начинаем чтение карточек из файла ...
2025-08-24 22:31:53 INFO  c.w.w.r.ProductCardRepository - 🏁 Чтение карточек из файла завершено за 1 мс
2025-08-24 22:32:01 INFO  c.wbozon.wb.facade.WildberriesFacade - 🚀 Начинаем обновление карточек из product_cards.json  ...
2025-08-24 22:32:02 INFO  c.w.w.r.ProductCardRepository - 🚀 Начинаем ПОТОКОВОЕ сохранение карточек в файл ...
2025-08-24 22:32:08 INFO  c.w.w.r.ProductCardRepository - 🏁 Потоковое сохранение карточек завершено за 6718 мс
2025-08-24 22:32:08 INFO  c.wbozon.wb.facade.WildberriesFacade - 🏁 Обновление карточек завершено за 7182 мс
2025-08-24 22:32:23 WARN  c.w.wb.client.WildberriesCardClient - 🔄 HttpClient пересоздан из-за превышения лимита карточек.
2025-08-24 22:32:23 INFO  c.w.w.r.ProductCardRepository - 🚀 Начинаем чтение карточек из файла ...
2025-08-24 22:32:23 INFO  c.w.w.r.ProductCardRepository - 🏁 Чтение карточек из файла завершено за 15 мс
2025-08-24 22:32:32 INFO  c.w.w.s.WildberriesProductService - Получили 2 складов
2025-08-24 22:32:32 INFO  c.wbozon.wb.facade.WildberriesFacade - 🚀 Начинаем синхронизацию остатков...
2025-08-24 22:34:27 WARN  c.w.wb.client.WildberriesCardClient - 🔄 HttpClient пересоздан из-за превышения лимита карточек.
2025-08-24 22:34:28 INFO  c.w.w.r.ProductCardRepository - 🚀 Начинаем чтение карточек из файла ...
2025-08-24 22:34:28 INFO  c.w.w.r.ProductCardRepository - 🏁 Чтение карточек из файла завершено за 5 мс
2025-08-24 22:34:35 INFO  c.w.w.s.WildberriesProductService - Получили 2 складов
2025-08-24 22:34:35 INFO  c.wbozon.wb.facade.WildberriesFacade - 🚀 Начинаем синхронизацию остатков...
2025-08-24 23:34:44 WARN  c.w.wb.client.WildberriesCardClient - 🔄 HttpClient пересоздан из-за превышения лимита карточек.
2025-08-24 23:34:44 INFO  c.w.w.r.ProductCardRepository - 🚀 Начинаем чтение карточек из файла ...
2025-08-24 23:34:44 INFO  c.w.w.r.ProductCardRepository - 🏁 Чтение карточек из файла завершено за 4 мс
2025-08-24 23:34:52 INFO  c.w.w.s.WildberriesProductService - Получили 2 складов
2025-08-24 23:34:52 INFO  c.w.w.r.ProductCardRepository - 🚀 Начинаем чтение карточек из файла ...
2025-08-24 23:34:52 INFO  c.w.w.r.ProductCardRepository - 🏁 Чтение карточек из файла завершено за 0 мс
2025-08-24 23:35:00 INFO  c.wbozon.wb.facade.WildberriesFacade - 🚀 Начинаем обновление карточек из product_cards.json  ...
2025-08-24 23:35:01 INFO  c.w.w.r.ProductCardRepository - 🚀 Начинаем ПОТОКОВОЕ сохранение карточек в файл ...
2025-08-24 23:35:08 INFO  c.w.w.r.ProductCardRepository - 🏁 Потоковое сохранение карточек завершено за 7157 мс
2025-08-24 23:35:08 INFO  c.wbozon.wb.facade.WildberriesFacade - 🏁 Обновление карточек завершено за 8748 мс
